#
# A fatal error has been detected by the Java Runtime Environment:
#
#  EXCEPTION_ACCESS_VIOLATION (0xc0000005) at pc=0x0000023107271066, pid=10060, tid=0x0000000000002888
#
# JRE version: Java(TM) SE Runtime Environment (8.0_361) (build 1.8.0_361-b09)
# Java VM: Java HotSpot(TM) 64-Bit Server VM (25.361-b09 mixed mode windows-amd64 compressed oops)
# Problematic frame:
# C  [OpenAL64.dll+0x11066]
#
# Failed to write core dump. Minidumps are not enabled by default on client versions of Windows
#
# If you would like to submit a bug report, please visit:
#   http://bugreport.java.com/bugreport/crash.jsp
# The crash happened outside the Java Virtual Machine in native code.
# See problematic frame for where to report the bug.
#

---------------  T H R E A D  ---------------

Current thread (0x0000023160bc9000):  JavaThread "Thread-12" [_thread_in_native, id=10376, stack(0x00000032d6a00000,0x00000032d6b00000)]

siginfo: ExceptionCode=0xc0000005, reading address 0x0000023164b18004

Registers:
RAX=0x0000000000000004, RBX=0x00000231074b3000, RCX=0x0000023164b18008, RDX=0x0000023164b18004
RSP=0x00000032d6aff1d0, RBP=0x00000000000000ff, RSI=0x0000023164b17fbc, RDI=0x0000000000000000
R8 =0x0000000000000012, R9 =0x0000023164b17fbc, R10=0x000002314c2146bb, R11=0x000000007533c330
R12=0x0000000000000001, R13=0x00000231045b2228, R14=0x00000032d6aff368, R15=0x0000023160bc9000
RIP=0x0000023107271066, EFLAGS=0x0000000000010202

Top of Stack: (sp=0x00000032d6aff1d0)
0x00000032d6aff1d0:   00000231647a1dc0 0000023160bc9000
0x00000032d6aff1e0:   00000032d6aff1f8 0000000000000000
0x00000032d6aff1f0:   00000231045b2228 0000000000000000
0x00000032d6aff200:   0000023160bc9000 00000032d6aff368
0x00000032d6aff210:   00000032d6aff330 00000000751d364b
0x00000032d6aff220:   00000032d6aff250 0000000000000000
0x00000032d6aff230:   00000032d6aff2a0 0000023165c1bbe8
0x00000032d6aff240:   0000023160bc9000 00000032d6aff368
0x00000032d6aff250:   00000231045b2228 0000000000000000
0x00000032d6aff260:   0000023164b17fbc 0000023164b17fbc
0x00000032d6aff270:   00000032d6aff330 000002310727248f
0x00000032d6aff280:   00000231074b3000 00000231074b3000
0x00000032d6aff290:   000002310000ac44 0000023100000004
0x00000032d6aff2a0:   00000000c001ceb8 000002314c2146e7
0x00000032d6aff2b0:   00000231045b2228 00000000ebb6d678
0x00000032d6aff2c0:   00000032d6aff2c0 00000231045b5131 

Instructions: (pc=0x0000023107271066)
0x0000023107271046:   41 2b ec 81 3a 03 00 02 00 75 09 8b 01 89 84 24
0x0000023107271056:   c8 00 00 00 49 83 c0 02 48 83 c1 08 4a 8d 14 86
0x0000023107271066:   39 3a 75 af 4c 8d 84 24 c0 00 00 00 48 8d 15 d7
0x0000023107271076:   2b 03 00 33 c9 e8 58 5f 00 00 b8 40 1f 00 00 4c 


Register to memory mapping:

RAX=0x0000000000000004 is an unknown value
RBX=0x00000231074b3000 is an unknown value
RCX=0x0000023164b18008 is an unknown value
RDX=0x0000023164b18004 is an unknown value
RSP=0x00000032d6aff1d0 is pointing into the stack for thread: 0x0000023160bc9000
RBP=0x00000000000000ff is an unknown value
RSI=0x0000023164b17fbc is an unknown value
RDI=0x0000000000000000 is an unknown value
R8 =0x0000000000000012 is an unknown value
R9 =0x0000023164b17fbc is an unknown value
R10=0x000002314c2146bb is at code_begin+1915 in an Interpreter codelet
method entry point (kind = native)  [0x000002314c213f40, 0x000002314c215220]  4832 bytes
R11=0x000000007533c330 is an unknown value
R12=0x0000000000000001 is an unknown value
R13={method} {0x00000231045b2230} 'nalcCreateContext' '(JJ)J' in 'org/lwjgl/openal/ALC10'
R14=0x00000032d6aff368 is pointing into the stack for thread: 0x0000023160bc9000
R15=0x0000023160bc9000 is a thread


Stack: [0x00000032d6a00000,0x00000032d6b00000],  sp=0x00000032d6aff1d0,  free space=1020k
Native frames: (J=compiled Java code, j=interpreted, Vv=VM code, C=native code)
C  [OpenAL64.dll+0x11066]
C  [OpenAL64.dll+0x1248f]
C  0x000002314c2146e7

Java frames: (J=compiled Java code, j=interpreted, Vv=VM code)
j  org.lwjgl.openal.ALC10.nalcCreateContext(JJ)J+0
j  org.lwjgl.openal.ALC10.alcCreateContext(Lorg/lwjgl/openal/ALCdevice;Ljava/nio/IntBuffer;)Lorg/lwjgl/openal/ALCcontext;+8
j  org.lwjgl.openal.AL.init(Ljava/lang/String;IIZZ)V+69
j  org.lwjgl.openal.AL.create(Ljava/lang/String;IIZZ)V+246
j  org.lwjgl.openal.AL.create(Ljava/lang/String;IIZ)V+5
j  org.lwjgl.openal.AL.create()V+6
j  paulscode.sound.libraries.LibraryLWJGLOpenAL.init()V+2
j  paulscode.sound.SoundSystem.CommandNewLibrary(Ljava/lang/Class;)V+260
j  paulscode.sound.SoundSystem.CommandQueue(Lpaulscode/sound/CommandObject;)Z+1206
j  paulscode.sound.CommandThread.run()V+51
v  ~StubRoutines::call_stub

---------------  P R O C E S S  ---------------

Java Threads: ( => current thread )
  0x0000023160bc6000 JavaThread "Thread-13" [_thread_blocked, id=13380, stack(0x00000032d6b00000,0x00000032d6c00000)]
=>0x0000023160bc9000 JavaThread "Thread-12" [_thread_in_native, id=10376, stack(0x00000032d6a00000,0x00000032d6b00000)]
  0x0000023160bc0800 JavaThread "Sound Library Loader" [_thread_blocked, id=14168, stack(0x00000032d5c00000,0x00000032d5d00000)]
  0x0000023160bc2000 JavaThread "Chunk Batcher 4" daemon [_thread_blocked, id=2336, stack(0x00000032d7100000,0x00000032d7200000)]
  0x0000023160bc7800 JavaThread "Chunk Batcher 3" daemon [_thread_blocked, id=7020, stack(0x00000032d7000000,0x00000032d7100000)]
  0x0000023160bc6800 JavaThread "Chunk Batcher 2" daemon [_thread_blocked, id=8368, stack(0x00000032d6f00000,0x00000032d7000000)]
  0x0000023160bc1800 JavaThread "Chunk Batcher 1" daemon [_thread_blocked, id=5512, stack(0x00000032d6e00000,0x00000032d6f00000)]
  0x0000023160bc3800 JavaThread "Chunk Batcher 0" daemon [_thread_blocked, id=6516, stack(0x00000032d5d00000,0x00000032d5e00000)]
  0x000002316405e800 JavaThread "AWT-Windows" daemon [_thread_in_native, id=14700, stack(0x00000032d5e00000,0x00000032d5f00000)]
  0x00000231650dd800 JavaThread "Thread-4" [_thread_in_vm, id=7488, stack(0x00000032d5b00000,0x00000032d5c00000)]
  0x000002316547e000 JavaThread "Java2D Disposer" daemon [_thread_blocked, id=15020, stack(0x00000032d5900000,0x00000032d5a00000)]
  0x000002316511c000 JavaThread "Timer hack thread" daemon [_thread_blocked, id=12516, stack(0x00000032d5800000,0x00000032d5900000)]
  0x0000023160dec800 JavaThread "Service Thread" daemon [_thread_blocked, id=11604, stack(0x00000032d5500000,0x00000032d5600000)]
  0x0000023160d2d800 JavaThread "C1 CompilerThread3" daemon [_thread_blocked, id=12856, stack(0x00000032d5400000,0x00000032d5500000)]
  0x0000023160d2c800 JavaThread "C2 CompilerThread2" daemon [_thread_blocked, id=3324, stack(0x00000032d5300000,0x00000032d5400000)]
  0x0000023160d2b800 JavaThread "C2 CompilerThread1" daemon [_thread_blocked, id=15852, stack(0x00000032d5200000,0x00000032d5300000)]
  0x0000023160d23800 JavaThread "C2 CompilerThread0" daemon [_thread_blocked, id=11224, stack(0x00000032d5100000,0x00000032d5200000)]
  0x0000023160a9c000 JavaThread "JDWP Command Reader" daemon [_thread_in_native, id=9864, stack(0x00000032d5000000,0x00000032d5100000)]
  0x0000023160a98000 JavaThread "JDWP Event Helper Thread" daemon [_thread_blocked, id=9612, stack(0x00000032d4f00000,0x00000032d5000000)]
  0x0000023160a94000 JavaThread "JDWP Transport Listener: dt_socket" daemon [_thread_blocked, id=4592, stack(0x00000032d4e00000,0x00000032d4f00000)]
  0x000002315e620800 JavaThread "Attach Listener" daemon [_thread_blocked, id=8440, stack(0x00000032d4d00000,0x00000032d4e00000)]
  0x000002315e61f800 JavaThread "Signal Dispatcher" daemon [_thread_blocked, id=12316, stack(0x00000032d4c00000,0x00000032d4d00000)]
  0x000002315e5ed800 JavaThread "Finalizer" daemon [_thread_blocked, id=5332, stack(0x00000032d4b00000,0x00000032d4c00000)]
  0x000002315e5e6000 JavaThread "Reference Handler" daemon [_thread_blocked, id=13696, stack(0x00000032d4a00000,0x00000032d4b00000)]
  0x000002314a7d4000 JavaThread "Client thread" [_thread_in_Java, id=16324, stack(0x00000032d3e00000,0x00000032d3f00000)]

Other Threads:
  0x000002315e5be000 VMThread [stack: 0x00000032d4900000,0x00000032d4a00000] [id=15528]
  0x000002316120b800 WatcherThread [stack: 0x00000032d5600000,0x00000032d5700000] [id=11336]

VM state:not at safepoint (normal execution)

VM Mutex/Monitor currently owned by a thread: None

heap address: 0x00000000c0000000, size: 1024 MB, Compressed Oops mode: 32-bit
Narrow klass base: 0x0000000000000000, Narrow klass shift: 3
Compressed class space size: 1073741824 Address: 0x0000000100000000

Heap:
 PSYoungGen      total 270336K, used 50615K [0x00000000eab00000, 0x0000000100000000, 0x0000000100000000)
  eden space 193024K, 15% used [0x00000000eab00000,0x00000000ec7f8aa8,0x00000000f6780000)
  from space 77312K, 27% used [0x00000000f6780000,0x00000000f7bf51c0,0x00000000fb300000)
  to   space 73216K, 0% used [0x00000000fb880000,0x00000000fb880000,0x0000000100000000)
 ParOldGen       total 699392K, used 82249K [0x00000000c0000000, 0x00000000eab00000, 0x00000000eab00000)
  object space 699392K, 11% used [0x00000000c0000000,0x00000000c50525a8,0x00000000eab00000)
 Metaspace       used 36049K, capacity 36233K, committed 36608K, reserved 1081344K
  class space    used 4437K, capacity 4507K, committed 4608K, reserved 1048576K

Card table byte_map: [0x000002315b5b0000,0x000002315b7c0000] byte_map_base: 0x000002315afb0000

Marking Bits: (ParMarkBitMap*) 0x00000000758fb090
 Begin Bits: [0x000002315b920000, 0x000002315c920000)
 End Bits:   [0x000002315c920000, 0x000002315d920000)

Polling page: 0x000002314aa10000

CodeCache: size=245760Kb used=13518Kb max_used=13549Kb free=232241Kb
 bounds [0x000002314c1f0000, 0x000002314cf50000, 0x000002315b1f0000]
 total_blobs=4451 nmethods=3662 adapters=709
 compilation: enabled

Compilation events (10 events):
Event: 25.081 Thread 0x0000023160d2d800 4240       1       net.minecraft.block.BlockDoublePlant$EnumPlantType::getName (5 bytes)
Event: 25.081 Thread 0x0000023160d2d800 nmethod 4240 0x000002314cf06c50 code [0x000002314cf06da0, 0x000002314cf06eb8]
Event: 25.089 Thread 0x0000023160d23800 4241       4       com.google.gson.reflect.TypeToken::equals (30 bytes)
Event: 25.091 Thread 0x0000023160d23800 nmethod 4241 0x000002314cf16bd0 code [0x000002314cf16d60, 0x000002314cf17030]
Event: 25.127 Thread 0x0000023160d2b800 4242       4       java.util.IdentityHashMap$IdentityHashMapIterator::hasNext (50 bytes)
Event: 25.128 Thread 0x0000023160d2b800 nmethod 4242 0x000002314cf193d0 code [0x000002314cf19520, 0x000002314cf19658]
Event: 25.132 Thread 0x0000023160d23800 4243       4       net.minecraft.client.renderer.block.model.ModelBlockDefinition$Variant$Deserializer::deserialize (8 bytes)
Event: 25.137 Thread 0x0000023160d2b800 4244       4       net.minecraft.client.renderer.block.model.ModelBlockDefinition$Variant$Deserializer::parseRotation (64 bytes)
Event: 25.141 Thread 0x0000023160d2d800 4246       3       sun.reflect.ReflectionFactory::inflationThreshold (4 bytes)
Event: 25.141 Thread 0x0000023160d2d800 nmethod 4246 0x000002314cf07ed0 code [0x000002314cf08020, 0x000002314cf08158]

GC Heap History (10 events):
Event: 22.445 GC heap before
{Heap before GC invocations=11 (full 1):
 PSYoungGen      total 197632K, used 79446K [0x00000000eab00000, 0x0000000100000000, 0x0000000100000000)
  eden space 195584K, 39% used [0x00000000eab00000,0x00000000ef6a5bf8,0x00000000f6a00000)
  from space 2048K, 96% used [0x00000000f6a00000,0x00000000f6bf0000,0x00000000f6c00000)
  to   space 78848K, 0% used [0x00000000fb300000,0x00000000fb300000,0x0000000100000000)
 ParOldGen       total 699392K, used 102297K [0x00000000c0000000, 0x00000000eab00000, 0x00000000eab00000)
  object space 699392K, 14% used [0x00000000c0000000,0x00000000c63e6570,0x00000000eab00000)
 Metaspace       used 35066K, capacity 35237K, committed 35456K, reserved 1081344K
  class space    used 4388K, capacity 4473K, committed 4480K, reserved 1048576K
Event: 22.448 GC heap after
Heap after GC invocations=11 (full 1):
 PSYoungGen      total 270336K, used 8288K [0x00000000eab00000, 0x0000000100000000, 0x0000000100000000)
  eden space 191488K, 0% used [0x00000000eab00000,0x00000000eab00000,0x00000000f6600000)
  from space 78848K, 10% used [0x00000000fb300000,0x00000000fbb18000,0x0000000100000000)
  to   space 78848K, 0% used [0x00000000f6600000,0x00000000f6600000,0x00000000fb300000)
 ParOldGen       total 699392K, used 102673K [0x00000000c0000000, 0x00000000eab00000, 0x00000000eab00000)
  object space 699392K, 14% used [0x00000000c0000000,0x00000000c6444570,0x00000000eab00000)
 Metaspace       used 35066K, capacity 35237K, committed 35456K, reserved 1081344K
  class space    used 4388K, capacity 4473K, committed 4480K, reserved 1048576K
}
Event: 22.448 GC heap before
{Heap before GC invocations=12 (full 2):
 PSYoungGen      total 270336K, used 8288K [0x00000000eab00000, 0x0000000100000000, 0x0000000100000000)
  eden space 191488K, 0% used [0x00000000eab00000,0x00000000eab00000,0x00000000f6600000)
  from space 78848K, 10% used [0x00000000fb300000,0x00000000fbb18000,0x0000000100000000)
  to   space 78848K, 0% used [0x00000000f6600000,0x00000000f6600000,0x00000000fb300000)
 ParOldGen       total 699392K, used 102673K [0x00000000c0000000, 0x00000000eab00000, 0x00000000eab00000)
  object space 699392K, 14% used [0x00000000c0000000,0x00000000c6444570,0x00000000eab00000)
 Metaspace       used 35066K, capacity 35237K, committed 35456K, reserved 1081344K
  class space    used 4388K, capacity 4473K, committed 4480K, reserved 1048576K
Event: 22.538 GC heap after
Heap after GC invocations=12 (full 2):
 PSYoungGen      total 270336K, used 0K [0x00000000eab00000, 0x0000000100000000, 0x0000000100000000)
  eden space 191488K, 0% used [0x00000000eab00000,0x00000000eab00000,0x00000000f6600000)
  from space 78848K, 0% used [0x00000000fb300000,0x00000000fb300000,0x0000000100000000)
  to   space 78848K, 0% used [0x00000000f6600000,0x00000000f6600000,0x00000000fb300000)
 ParOldGen       total 699392K, used 82225K [0x00000000c0000000, 0x00000000eab00000, 0x00000000eab00000)
  object space 699392K, 11% used [0x00000000c0000000,0x00000000c504c5a8,0x00000000eab00000)
 Metaspace       used 35066K, capacity 35237K, committed 35456K, reserved 1081344K
  class space    used 4388K, capacity 4473K, committed 4480K, reserved 1048576K
}
Event: 23.778 GC heap before
{Heap before GC invocations=13 (full 2):
 PSYoungGen      total 270336K, used 191488K [0x00000000eab00000, 0x0000000100000000, 0x0000000100000000)
  eden space 191488K, 100% used [0x00000000eab00000,0x00000000f6600000,0x00000000f6600000)
  from space 78848K, 0% used [0x00000000fb300000,0x00000000fb300000,0x0000000100000000)
  to   space 78848K, 0% used [0x00000000f6600000,0x00000000f6600000,0x00000000fb300000)
 ParOldGen       total 699392K, used 82225K [0x00000000c0000000, 0x00000000eab00000, 0x00000000eab00000)
  object space 699392K, 11% used [0x00000000c0000000,0x00000000c504c5a8,0x00000000eab00000)
 Metaspace       used 35390K, capacity 35653K, committed 36096K, reserved 1081344K
  class space    used 4400K, capacity 4505K, committed 4608K, reserved 1048576K
Event: 23.780 GC heap after
Heap after GC invocations=13 (full 2):
 PSYoungGen      total 270336K, used 3600K [0x00000000eab00000, 0x0000000100000000, 0x0000000100000000)
  eden space 191488K, 0% used [0x00000000eab00000,0x00000000eab00000,0x00000000f6600000)
  from space 78848K, 4% used [0x00000000f6600000,0x00000000f6984010,0x00000000fb300000)
  to   space 78848K, 0% used [0x00000000fb300000,0x00000000fb300000,0x0000000100000000)
 ParOldGen       total 699392K, used 82233K [0x00000000c0000000, 0x00000000eab00000, 0x00000000eab00000)
  object space 699392K, 11% used [0x00000000c0000000,0x00000000c504e5a8,0x00000000eab00000)
 Metaspace       used 35390K, capacity 35653K, committed 36096K, reserved 1081344K
  class space    used 4400K, capacity 4505K, committed 4608K, reserved 1048576K
}
Event: 24.342 GC heap before
{Heap before GC invocations=14 (full 2):
 PSYoungGen      total 270336K, used 195088K [0x00000000eab00000, 0x0000000100000000, 0x0000000100000000)
  eden space 191488K, 100% used [0x00000000eab00000,0x00000000f6600000,0x00000000f6600000)
  from space 78848K, 4% used [0x00000000f6600000,0x00000000f6984010,0x00000000fb300000)
  to   space 78848K, 0% used [0x00000000fb300000,0x00000000fb300000,0x0000000100000000)
 ParOldGen       total 699392K, used 82233K [0x00000000c0000000, 0x00000000eab00000, 0x00000000eab00000)
  object space 699392K, 11% used [0x00000000c0000000,0x00000000c504e5a8,0x00000000eab00000)
 Metaspace       used 35546K, capacity 35781K, committed 36096K, reserved 1081344K
  class space    used 4407K, capacity 4505K, committed 4608K, reserved 1048576K
Event: 24.346 GC heap after
Heap after GC invocations=14 (full 2):
 PSYoungGen      total 271872K, used 8224K [0x00000000eab00000, 0x0000000100000000, 0x0000000100000000)
  eden space 193024K, 0% used [0x00000000eab00000,0x00000000eab00000,0x00000000f6780000)
  from space 78848K, 10% used [0x00000000fb300000,0x00000000fbb08000,0x0000000100000000)
  to   space 77312K, 0% used [0x00000000f6780000,0x00000000f6780000,0x00000000fb300000)
 ParOldGen       total 699392K, used 82241K [0x00000000c0000000, 0x00000000eab00000, 0x00000000eab00000)
  object space 699392K, 11% used [0x00000000c0000000,0x00000000c50505a8,0x00000000eab00000)
 Metaspace       used 35546K, capacity 35781K, committed 36096K, reserved 1081344K
  class space    used 4407K, capacity 4505K, committed 4608K, reserved 1048576K
}
Event: 25.093 GC heap before
{Heap before GC invocations=15 (full 2):
 PSYoungGen      total 271872K, used 201248K [0x00000000eab00000, 0x0000000100000000, 0x0000000100000000)
  eden space 193024K, 100% used [0x00000000eab00000,0x00000000f6780000,0x00000000f6780000)
  from space 78848K, 10% used [0x00000000fb300000,0x00000000fbb08000,0x0000000100000000)
  to   space 77312K, 0% used [0x00000000f6780000,0x00000000f6780000,0x00000000fb300000)
 ParOldGen       total 699392K, used 82241K [0x00000000c0000000, 0x00000000eab00000, 0x00000000eab00000)
  object space 699392K, 11% used [0x00000000c0000000,0x00000000c50505a8,0x00000000eab00000)
 Metaspace       used 36049K, capacity 36233K, committed 36608K, reserved 1081344K
  class space    used 4437K, capacity 4507K, committed 4608K, reserved 1048576K
Event: 25.101 GC heap after
Heap after GC invocations=15 (full 2):
 PSYoungGen      total 270336K, used 20948K [0x00000000eab00000, 0x0000000100000000, 0x0000000100000000)
  eden space 193024K, 0% used [0x00000000eab00000,0x00000000eab00000,0x00000000f6780000)
  from space 77312K, 27% used [0x00000000f6780000,0x00000000f7bf51c0,0x00000000fb300000)
  to   space 73216K, 0% used [0x00000000fb880000,0x00000000fb880000,0x0000000100000000)
 ParOldGen       total 699392K, used 82249K [0x00000000c0000000, 0x00000000eab00000, 0x00000000eab00000)
  object space 699392K, 11% used [0x00000000c0000000,0x00000000c50525a8,0x00000000eab00000)
 Metaspace       used 36049K, capacity 36233K, committed 36608K, reserved 1081344K
  class space    used 4437K, capacity 4507K, committed 4608K, reserved 1048576K
}

Deoptimization events (10 events):
Event: 24.627 Thread 0x000002314a7d4000 Uncommon trap: reason=class_check action=maybe_recompile pc=0x000002314c8e68c4 method=com.google.common.collect.Iterators$8.transform(Ljava/lang/Object;)Ljava/lang/Object; @ 5
Event: 24.628 Thread 0x000002314a7d4000 Uncommon trap: reason=unstable_if action=reinterpret pc=0x000002314ca7303c method=java.util.Formatter.parse(Ljava/lang/String;)[Ljava/util/Formatter$FormatString; @ 38
Event: 24.705 Thread 0x000002314a7d4000 Uncommon trap: reason=unstable_if action=reinterpret pc=0x000002314cde0348 method=java.nio.Bits.copyFromArray(Ljava/lang/Object;JJJJ)V @ 18
Event: 24.714 Thread 0x000002314a7d4000 Uncommon trap: reason=unhandled action=none pc=0x000002314c65cf60 method=java.net.URLClassLoader.findClass(Ljava/lang/String;)Ljava/lang/Class; @ 44
Event: 24.715 Thread 0x000002314a7d4000 Uncommon trap: reason=unhandled action=none pc=0x000002314c65cf60 method=java.net.URLClassLoader.findClass(Ljava/lang/String;)Ljava/lang/Class; @ 44
Event: 24.715 Thread 0x000002314a7d4000 Uncommon trap: reason=unhandled action=none pc=0x000002314c65cf60 method=java.net.URLClassLoader.findClass(Ljava/lang/String;)Ljava/lang/Class; @ 44
Event: 24.937 Thread 0x000002314a7d4000 Uncommon trap: reason=class_check action=maybe_recompile pc=0x000002314c9e67d4 method=com.google.gson.reflect.TypeToken.<init>(Ljava/lang/reflect/Type;)V @ 9
Event: 24.937 Thread 0x000002314a7d4000 Uncommon trap: reason=class_check action=maybe_recompile pc=0x000002314cbb0578 method=com.google.gson.internal.$Gson$Types.canonicalize(Ljava/lang/reflect/Type;)Ljava/lang/reflect/Type; @ 1
Event: 24.937 Thread 0x000002314a7d4000 Uncommon trap: reason=class_check action=maybe_recompile pc=0x000002314cbae1b8 method=com.google.gson.internal.$Gson$Types.getRawType(Ljava/lang/reflect/Type;)Ljava/lang/Class; @ 1
Event: 24.938 Thread 0x000002314a7d4000 Uncommon trap: reason=class_check action=maybe_recompile pc=0x000002314c55a9bc method=com.google.gson.Gson.getAdapter(Lcom/google/gson/reflect/TypeToken;)Lcom/google/gson/TypeAdapter; @ 10

Classes redefined (0 events):
No events

Internal exceptions (10 events):
Event: 24.277 Thread 0x000002314a7d4000 Implicit null exception at 0x000002314cdddc50 to 0x000002314cdde035
Event: 24.716 Thread 0x0000023164ce1000 Exception <a 'java/lang/InterruptedException': sleep interrupted> (0x00000000f1331f60) thrown at [C:\jenkins\workspace\8-2-build-windows-x64-cygwin\jdk8u361\3183\hotspot\src\share\vm\prims\jvm.cpp, line 3359]
Event: 24.816 Thread 0x0000023164ce1800 Exception <a 'java/lang/InterruptedException': sleep interrupted> (0x00000000f1d37148) thrown at [C:\jenkins\workspace\8-2-build-windows-x64-cygwin\jdk8u361\3183\hotspot\src\share\vm\prims\jvm.cpp, line 3359]
Event: 25.138 Thread 0x0000023160bc9000 Exception <a 'java/lang/InterruptedException': sleep interrupted> (0x00000000ebb65688) thrown at [C:\jenkins\workspace\8-2-build-windows-x64-cygwin\jdk8u361\3183\hotspot\src\share\vm\prims\jvm.cpp, line 3359]
Event: 25.141 Thread 0x0000023160bc9000 Exception <a 'java/security/PrivilegedActionException'> (0x00000000ebb68650) thrown at [C:\jenkins\workspace\8-2-build-windows-x64-cygwin\jdk8u361\3183\hotspot\src\share\vm\prims\jvm.cpp, line 1513]
Event: 25.141 Thread 0x0000023160bc9000 Exception <a 'java/security/PrivilegedActionException'> (0x00000000ebb692a8) thrown at [C:\jenkins\workspace\8-2-build-windows-x64-cygwin\jdk8u361\3183\hotspot\src\share\vm\prims\jvm.cpp, line 1513]
Event: 25.141 Thread 0x0000023160bc9000 Exception <a 'java/security/PrivilegedActionException'> (0x00000000ebb69ed0) thrown at [C:\jenkins\workspace\8-2-build-windows-x64-cygwin\jdk8u361\3183\hotspot\src\share\vm\prims\jvm.cpp, line 1513]
Event: 25.141 Thread 0x0000023160bc9000 Exception <a 'java/security/PrivilegedActionException'> (0x00000000ebb6adc8) thrown at [C:\jenkins\workspace\8-2-build-windows-x64-cygwin\jdk8u361\3183\hotspot\src\share\vm\prims\jvm.cpp, line 1513]
Event: 25.141 Thread 0x0000023160bc9000 Exception <a 'java/security/PrivilegedActionException'> (0x00000000ebb6ba20) thrown at [C:\jenkins\workspace\8-2-build-windows-x64-cygwin\jdk8u361\3183\hotspot\src\share\vm\prims\jvm.cpp, line 1513]
Event: 25.141 Thread 0x0000023160bc9000 Exception <a 'java/security/PrivilegedActionException'> (0x00000000ebb6c648) thrown at [C:\jenkins\workspace\8-2-build-windows-x64-cygwin\jdk8u361\3183\hotspot\src\share\vm\prims\jvm.cpp, line 1513]

Events (10 events):
Event: 25.056 Thread 0x000002314a7d4000 DEOPT UNPACKING pc=0x000002314c237518 sp=0x00000032d3efe988 mode 1
Event: 25.057 Thread 0x000002314a7d4000 DEOPT PACKING pc=0x000002314c419adc sp=0x00000032d3efe9e0
Event: 25.057 Thread 0x000002314a7d4000 DEOPT UNPACKING pc=0x000002314c237518 sp=0x00000032d3efe7e8 mode 1
Event: 25.057 Thread 0x000002314a7d4000 DEOPT PACKING pc=0x000002314c46f0d4 sp=0x00000032d3efeb30
Event: 25.057 Thread 0x000002314a7d4000 DEOPT UNPACKING pc=0x000002314c237518 sp=0x00000032d3efe888 mode 1
Event: 25.093 Executing VM operation: ParallelGCFailedAllocation
Event: 25.101 Executing VM operation: ParallelGCFailedAllocation done
Event: 25.140 Executing VM operation: RevokeBias
Event: 25.140 Executing VM operation: RevokeBias done
Event: 25.141 Thread 0x0000023160bc6000 Thread added: 0x0000023160bc6000


Dynamic libraries:
0x00007ff7ca7b0000 - 0x00007ff7ca7f7000 	C:\Program Files\Java\jdk1.8.0_361\bin\javaw.exe
0x00007fff05ef0000 - 0x00007fff06104000 	C:\WINDOWS\SYSTEM32\ntdll.dll
0x00007fff04e60000 - 0x00007fff04f22000 	C:\WINDOWS\System32\KERNEL32.DLL
0x00007fff036e0000 - 0x00007fff03a83000 	C:\WINDOWS\System32\KERNELBASE.dll
0x00007fff00150000 - 0x00007fff001e7000 	C:\WINDOWS\SYSTEM32\apphelp.dll
0x00007fff05e00000 - 0x00007fff05eae000 	C:\WINDOWS\System32\ADVAPI32.dll
0x00007fff04bb0000 - 0x00007fff04c57000 	C:\WINDOWS\System32\msvcrt.dll
0x00007fff05800000 - 0x00007fff058a4000 	C:\WINDOWS\System32\sechost.dll
0x00007fff04d40000 - 0x00007fff04e57000 	C:\WINDOWS\System32\RPCRT4.dll
0x00007fff058b0000 - 0x00007fff05a5b000 	C:\WINDOWS\System32\USER32.dll
0x00007fff035f0000 - 0x00007fff03616000 	C:\WINDOWS\System32\win32u.dll
0x00007fff05470000 - 0x00007fff05499000 	C:\WINDOWS\System32\GDI32.dll
0x00007fff03b10000 - 0x00007fff03c29000 	C:\WINDOWS\System32\gdi32full.dll
0x00007fff03c30000 - 0x00007fff03cca000 	C:\WINDOWS\System32\msvcp_win.dll
0x00007fff034d0000 - 0x00007fff035e1000 	C:\WINDOWS\System32\ucrtbase.dll
0x00007ffef0a40000 - 0x00007ffef0cce000 	C:\WINDOWS\WinSxS\amd64_microsoft.windows.common-controls_6595b64144ccf1df_6.0.22621.1635_none_270f70857386168e\COMCTL32.dll
0x00007fff05430000 - 0x00007fff05461000 	C:\WINDOWS\System32\IMM32.DLL
0x00007ffef3e60000 - 0x00007ffef3e75000 	C:\Program Files\Java\jdk1.8.0_361\jre\bin\vcruntime140.dll
0x00007ffec9740000 - 0x00007ffec97db000 	C:\Program Files\Java\jdk1.8.0_361\jre\bin\msvcp140.dll
0x0000000075110000 - 0x0000000075973000 	C:\Program Files\Java\jdk1.8.0_361\jre\bin\server\jvm.dll
0x00007fff05df0000 - 0x00007fff05df8000 	C:\WINDOWS\System32\PSAPI.DLL
0x00007ffefbfe0000 - 0x00007ffefc014000 	C:\WINDOWS\SYSTEM32\WINMM.dll
0x00007fff00200000 - 0x00007fff00209000 	C:\WINDOWS\SYSTEM32\WSOCK32.dll
0x00007fff042b0000 - 0x00007fff04321000 	C:\WINDOWS\System32\WS2_32.dll
0x00007ffef8750000 - 0x00007ffef875a000 	C:\WINDOWS\SYSTEM32\VERSION.dll
0x00007fff023b0000 - 0x00007fff023c8000 	C:\WINDOWS\SYSTEM32\kernel.appcore.dll
0x00007ffefc3a0000 - 0x00007ffefc3b0000 	C:\Program Files\Java\jdk1.8.0_361\jre\bin\verify.dll
0x00007ffef3d90000 - 0x00007ffef3dbb000 	C:\Program Files\Java\jdk1.8.0_361\jre\bin\java.dll
0x00007ffedb0a0000 - 0x00007ffedb0d6000 	C:\Program Files\Java\jdk1.8.0_361\jre\bin\jdwp.dll
0x00007ffefa910000 - 0x00007ffefa919000 	C:\Program Files\Java\jdk1.8.0_361\jre\bin\npt.dll
0x00007ffef0f30000 - 0x00007ffef0f60000 	C:\Program Files\Java\jdk1.8.0_361\jre\bin\instrument.dll
0x00007ffef3e40000 - 0x00007ffef3e58000 	C:\Program Files\Java\jdk1.8.0_361\jre\bin\zip.dll
0x00007fff043b0000 - 0x00007fff04baa000 	C:\WINDOWS\System32\SHELL32.dll
0x00007fff012f0000 - 0x00007fff01bbe000 	C:\WINDOWS\SYSTEM32\windows.storage.dll
0x00007fff04fa0000 - 0x00007fff05329000 	C:\WINDOWS\System32\combase.dll
0x00007fff011b0000 - 0x00007fff012ee000 	C:\WINDOWS\SYSTEM32\wintypes.dll
0x00007fff05ca0000 - 0x00007fff05d91000 	C:\WINDOWS\System32\SHCORE.dll
0x00007fff04f30000 - 0x00007fff04f8e000 	C:\WINDOWS\System32\shlwapi.dll
0x00007fff03220000 - 0x00007fff03241000 	C:\WINDOWS\SYSTEM32\profapi.dll
0x00007ffefa9e0000 - 0x00007ffefa9ea000 	C:\Program Files\Java\jdk1.8.0_361\jre\bin\dt_socket.dll
0x00007ffeb5780000 - 0x00007ffeb5797000 	C:\WINDOWS\system32\napinsp.dll
0x00007ffeb5760000 - 0x00007ffeb577b000 	C:\WINDOWS\system32\pnrpnsp.dll
0x00007fff02820000 - 0x00007fff02889000 	C:\WINDOWS\System32\mswsock.dll
0x00007fff01e50000 - 0x00007fff01f43000 	C:\WINDOWS\SYSTEM32\DNSAPI.dll
0x00007fff01e20000 - 0x00007fff01e4d000 	C:\WINDOWS\SYSTEM32\IPHLPAPI.DLL
0x00007fff05330000 - 0x00007fff05339000 	C:\WINDOWS\System32\NSI.dll
0x00007ffeb5740000 - 0x00007ffeb5751000 	C:\WINDOWS\System32\winrnr.dll
0x00007ffed5c00000 - 0x00007ffed5c15000 	C:\WINDOWS\system32\wshbth.dll
0x00007ffeb5710000 - 0x00007ffeb5731000 	C:\WINDOWS\system32\nlansp_c.dll
0x00007ffef9bc0000 - 0x00007ffef9c44000 	C:\WINDOWS\System32\fwpuclnt.dll
0x00007ffefc3c0000 - 0x00007ffefc3ca000 	C:\Windows\System32\rasadhlp.dll
0x00007ffef9600000 - 0x00007ffef960d000 	C:\Program Files\Java\jdk1.8.0_361\jre\bin\management.dll
0x00007ffef1280000 - 0x00007ffef129c000 	C:\Program Files\Java\jdk1.8.0_361\jre\bin\net.dll
0x00007ffeef390000 - 0x00007ffeef3a3000 	C:\Program Files\Java\jdk1.8.0_361\jre\bin\nio.dll
0x0000000180000000 - 0x0000000180053000 	C:\Projects\Apple Client\jars\versions\1.8.9\1.8.9-natives\lwjgl64.dll
0x00007ffecb090000 - 0x00007ffecb190000 	C:\WINDOWS\SYSTEM32\OPENGL32.dll
0x00007ffef66d0000 - 0x00007ffef66fd000 	C:\WINDOWS\SYSTEM32\GLU32.dll
0x00007fff00540000 - 0x00007fff00578000 	C:\WINDOWS\SYSTEM32\dxcore.dll
0x00007fff02b00000 - 0x00007fff02b1b000 	C:\WINDOWS\SYSTEM32\CRYPTSP.dll
0x00007fff02320000 - 0x00007fff02355000 	C:\WINDOWS\system32\rsaenh.dll
0x00007fff02950000 - 0x00007fff02978000 	C:\WINDOWS\SYSTEM32\USERENV.dll
0x00007fff02cc0000 - 0x00007fff02ce8000 	C:\WINDOWS\SYSTEM32\bcrypt.dll
0x00007fff03a90000 - 0x00007fff03b0b000 	C:\WINDOWS\System32\bcryptprimitives.dll
0x00007fff02b20000 - 0x00007fff02b2c000 	C:\WINDOWS\SYSTEM32\CRYPTBASE.dll
0x00007ffefc3d0000 - 0x00007ffefc3e9000 	C:\WINDOWS\SYSTEM32\dhcpcsvc6.DLL
0x00007ffefbf00000 - 0x00007ffefbf1f000 	C:\WINDOWS\SYSTEM32\dhcpcsvc.DLL
0x00007ffec7bd0000 - 0x00007ffec7d65000 	C:\Program Files\Java\jdk1.8.0_361\jre\bin\awt.dll
0x00007fff04c60000 - 0x00007fff04d37000 	C:\WINDOWS\System32\OLEAUT32.dll
0x00007ffefd7c0000 - 0x00007ffefd87c000 	C:\WINDOWS\SYSTEM32\mscms.dll
0x00007fff05bf0000 - 0x00007fff05ca0000 	C:\WINDOWS\System32\clbcatq.dll
0x00007ffef6330000 - 0x00007ffef637e000 	C:\Windows\System32\Windows.Internal.Graphics.Display.DisplayColorManagement.dll
0x00007fff02fb0000 - 0x00007fff02ffe000 	C:\WINDOWS\SYSTEM32\cfgmgr32.dll
0x00000231632c0000 - 0x00000231632f8000 	C:\Users\windows\AppData\Local\Temp\jna\jna4803763581457994411.dll
0x00007ffecbf30000 - 0x00007ffecbfcc000 	C:\Users\windows\AppData\Local\Temp\discord-rpc\discord-rpc.dll
0x00007fff00440000 - 0x00007fff004eb000 	C:\WINDOWS\system32\uxtheme.dll
0x00007fff04180000 - 0x00007fff042a7000 	C:\WINDOWS\System32\MSCTF.dll
0x00007ffefab30000 - 0x00007ffefac5d000 	C:\WINDOWS\SYSTEM32\textinputframework.dll
0x00007ffee8b40000 - 0x00007ffee8ba9000 	C:\WINDOWS\system32\Oleacc.dll
0x00007ffefcdf0000 - 0x00007ffefce38000 	C:\WINDOWS\SYSTEM32\directxdatabasehelper.dll
0x00007ffeffa70000 - 0x00007ffeffba3000 	C:\WINDOWS\System32\CoreMessaging.dll
0x00007ffefb340000 - 0x00007ffefb474000 	C:\Windows\System32\AppXDeploymentClient.dll
0x00007ffed2910000 - 0x00007ffed293c000 	C:\WINDOWS\System32\DriverStore\FileRepository\u0371630.inf_amd64_a96c9babfd295d6e\B371320\atig6pxx.dll
0x00007ffe8efe0000 - 0x00007ffe91e23000 	C:\WINDOWS\System32\DriverStore\FileRepository\u0371630.inf_amd64_a96c9babfd295d6e\B371320\atio6axx.dll
0x00007fff03ce0000 - 0x00007fff04154000 	C:\WINDOWS\System32\SETUPAPI.dll
0x00007fff05660000 - 0x00007fff057fc000 	C:\WINDOWS\System32\ole32.dll
0x00007ffef72e0000 - 0x00007ffef7305000 	C:\WINDOWS\SYSTEM32\dxva2.dll
0x00007fff00870000 - 0x00007fff0089b000 	C:\WINDOWS\SYSTEM32\dwmapi.dll
0x00007ffecf310000 - 0x00007ffecf34f000 	C:\WINDOWS\System32\DriverStore\FileRepository\u0371630.inf_amd64_a96c9babfd295d6e\B371320\atig6txx.dll
0x00007ffec9570000 - 0x00007ffec973c000 	C:\WINDOWS\SYSTEM32\atiadlxx.dll
0x00007ffef4280000 - 0x00007ffef42d0000 	C:\WINDOWS\SYSTEM32\pdh.dll
0x00007fff00e60000 - 0x00007fff00f60000 	C:\WINDOWS\SYSTEM32\PROPSYS.dll
0x00007fff03000000 - 0x00007fff0302c000 	C:\WINDOWS\SYSTEM32\DEVOBJ.dll
0x00007fff03460000 - 0x00007fff034cb000 	C:\WINDOWS\System32\WINTRUST.dll
0x00007fff032f0000 - 0x00007fff03457000 	C:\WINDOWS\System32\CRYPT32.dll
0x00007fff02b60000 - 0x00007fff02b72000 	C:\WINDOWS\SYSTEM32\MSASN1.dll
0x00007ffed0d90000 - 0x00007ffed0dd9000 	C:\WINDOWS\SYSTEM32\icm32.dll
0x00007ffecc070000 - 0x00007ffecc0ba000 	C:\Program Files\Java\jdk1.8.0_361\jre\bin\fontmanager.dll
0x00007ffef1af0000 - 0x00007ffef1c99000 	C:\WINDOWS\system32\d3d9.dll
0x00007ffef8230000 - 0x00007ffef83e8000 	C:\WINDOWS\System32\DriverStore\FileRepository\u0371630.inf_amd64_a96c9babfd295d6e\B371320\aticfx64.dll
0x00007ffed9310000 - 0x00007ffed9344000 	C:\WINDOWS\System32\DriverStore\FileRepository\u0371630.inf_amd64_a96c9babfd295d6e\B371320\atiu9p64.dll
0x00007ffeb5fe0000 - 0x00007ffeb6d34000 	C:\WINDOWS\System32\DriverStore\FileRepository\u0371630.inf_amd64_a96c9babfd295d6e\B371320\atiumd64.dll
0x00007fff00c30000 - 0x00007fff00e5e000 	C:\WINDOWS\SYSTEM32\dbghelp.dll
0x00007ffef94a0000 - 0x00007ffef94d2000 	C:\WINDOWS\SYSTEM32\dbgcore.DLL
0x00000000759a0000 - 0x0000000076815000 	C:\WINDOWS\System32\DriverStore\FileRepository\u0371630.inf_amd64_a96c9babfd295d6e\B371320\atiumd6a.dll
0x00007fff02980000 - 0x00007fff029cd000 	C:\WINDOWS\SYSTEM32\POWRPROF.dll
0x00007fff02930000 - 0x00007fff02943000 	C:\WINDOWS\SYSTEM32\UMPDC.dll
0x00007ffef8820000 - 0x00007ffef8850000 	C:\WINDOWS\SYSTEM32\amdihk64.dll
0x00007ffec9bb0000 - 0x00007ffec9bf3000 	C:\Program Files\Java\jdk1.8.0_361\jre\bin\t2k.dll
0x0000000070a40000 - 0x0000000070adc000 	C:\Projects\Apple Client\jars\versions\1.8.9\1.8.9-natives\avutil-ttv-51.dll
0x0000000065980000 - 0x00000000659d6000 	C:\Projects\Apple Client\jars\versions\1.8.9\1.8.9-natives\swresample-ttv-0.dll
0x000000006eb80000 - 0x000000006ec50000 	C:\Projects\Apple Client\jars\versions\1.8.9\1.8.9-natives\libmp3lame-ttv.dll
0x00007ffeaaee0000 - 0x00007ffeac284000 	C:\Projects\Apple Client\jars\versions\1.8.9\1.8.9-natives\libmfxsw64.dll
0x00007ffebfd70000 - 0x00007ffebfedd000 	C:\Projects\Apple Client\jars\versions\1.8.9\1.8.9-natives\twitchsdk.dll
0x00007ffed4030000 - 0x00007ffed4524000 	C:\WINDOWS\SYSTEM32\WININET.dll
0x0000023107260000 - 0x00000231072c4000 	C:\Projects\Apple Client\jars\versions\1.8.9\1.8.9-natives\OpenAL64.dll
0x00007ffef7810000 - 0x00007ffef78ad000 	C:\WINDOWS\System32\MMDevApi.dll
0x00007ffebf4e0000 - 0x00007ffebf582000 	C:\WINDOWS\SYSTEM32\dsound.dll
0x00007ffebede0000 - 0x00007ffebee91000 	C:\WINDOWS\SYSTEM32\ResampleDmo.DLL
0x00007ffeeed30000 - 0x00007ffeeed59000 	C:\WINDOWS\SYSTEM32\winmmbase.dll
0x00007ffef3070000 - 0x00007ffef307b000 	C:\WINDOWS\SYSTEM32\msdmo.dll
0x00007ffedbae0000 - 0x00007ffedbccc000 	C:\WINDOWS\SYSTEM32\AUDIOSES.DLL
0x00007fff009d0000 - 0x00007fff009e5000 	C:\WINDOWS\SYSTEM32\resourcepolicyclient.dll

VM Arguments:
jvm_args: -agentlib:jdwp=transport=dt_socket,suspend=y,address=localhost:53807 -Xmx1024M -Xms1024M -Djava.library.path=C:\Projects\Apple Client\jars\versions\1.8.9\1.8.9-natives -javaagent:C:\Program Files\Eclipse\configuration\org.eclipse.osgi\231\0\.cp\lib\javaagent-shaded.jar -Dfile.encoding=windows-1252 
java_command: Start
java_class_path (initial): C:\Projects\Apple Client\eclipse\Client\bin;C:\Projects\Apple Client\jars\libraries\oshi-project\oshi-core\1.1\oshi-core-1.1.jar;C:\Projects\Apple Client\jars\libraries\net\java\dev\jna\jna\3.4.0\jna-3.4.0.jar;C:\Projects\Apple Client\jars\libraries\net\java\dev\jna\platform\3.4.0\platform-3.4.0.jar;C:\Projects\Apple Client\jars\libraries\com\ibm\icu\icu4j-core-mojang\51.2\icu4j-core-mojang-51.2.jar;C:\Projects\Apple Client\jars\libraries\net\sf\jopt-simple\jopt-simple\4.6\jopt-simple-4.6.jar;C:\Projects\Apple Client\jars\libraries\com\paulscode\codecjorbis\20101023\codecjorbis-20101023.jar;C:\Projects\Apple Client\jars\libraries\com\paulscode\codecwav\20101023\codecwav-20101023.jar;C:\Projects\Apple Client\jars\libraries\com\paulscode\libraryjavasound\20101123\libraryjavasound-20101123.jar;C:\Projects\Apple Client\jars\libraries\com\paulscode\librarylwjglopenal\20100824\librarylwjglopenal-20100824.jar;C:\Projects\Apple Client\jars\libraries\com\paulscode\soundsystem\20120107\soundsystem-20120107.jar;C:\Projects\Apple Client\jars\libraries\io\netty\netty-all\4.0.23.Final\netty-all-4.0.23.Final.jar;C:\Projects\Apple Client\jars\libraries\com\google\guava\guava\17.0\guava-17.0.jar;C:\Projects\Apple Client\jars\libraries\org\apache\commons\commons-lang3\3.3.2\commons-lang3-3.3.2.jar;C:\Projects\Apple Client\jars\libraries\commons-io\commons-io\2.4\commons-io-2.4.jar;C:\Projects\Apple Client\jars\libraries\commons-codec\commons-codec\1.9\commons-codec-1.9.jar;C:\Projects\Apple Client\jars\libraries\net\java\jinput\jinput\2.0.5\jinput-2.0.5.jar;C:\Projects\Apple Client\jars\libraries\net\java\jutils\jutils\1.0.0\jutils-1.0.0.jar;C:\Projects\Apple Client\jars\libraries\com\google\code\gson\gson\2.2.4\gson-2.2.4.jar;C:\Projects\Apple Client\jars\libraries\com\mojang\authlib\1.5.21\authlib-1.5.21.jar;C:\Projects\Apple Client\jars\libraries\org\apache\commons\commons-compress\1.8.1\commons-compress-1.8.1.jar;C:\Projects\Apple Client\jars\librarie
Launcher Type: SUN_STANDARD

Environment Variables:
JAVA_HOME=C:\Program Files\Java\jdk1.8.0_361
PATH=C:\Program Files\Java\jdk1.8.0_361\jre\bin;C:/Program Files/Eclipse//plugins/org.eclipse.justj.openjdk.hotspot.jre.full.win32.x86_64_17.0.6.v20230204-1729/jre/bin/server;C:/Program Files/Eclipse//plugins/org.eclipse.justj.openjdk.hotspot.jre.full.win32.x86_64_17.0.6.v20230204-1729/jre/bin;C:\WINDOWS\system32;C:\WINDOWS;C:\WINDOWS\System32\Wbem;C:\WINDOWS\System32\WindowsPowerShell\v1.0\;C:\WINDOWS\System32\OpenSSH\;C:\Program Files\dotnet\;%JAVA_HOME%\bin;C:\Users\windows\AppData\Local\Programs\Python\Python311\Scripts\;C:\Users\windows\AppData\Local\Programs\Python\Python311\;C:\Users\windows\AppData\Local\Programs\Python\Launcher\;C:\Users\windows\AppData\Local\Microsoft\WindowsApps;C:\Program Files\JetBrains\IntelliJ IDEA Community Edition 2023.1.2\bin;;C:\Program Files\Java\jdk1.8.0_361\bin;C:\Users\windows\AppData\Local\GitHubDesktop\bin;C:\Program Files\Eclipse;
USERNAME=windows
OS=Windows_NT
PROCESSOR_IDENTIFIER=AMD64 Family 23 Model 104 Stepping 1, AuthenticAMD



---------------  S Y S T E M  ---------------

OS: Windows 11 , 64 bit Build 22621 (10.0.22621.1778)

CPU:total 12 (initial active 12) (12 cores per cpu, 1 threads per core) family 23 model 104 stepping 1, cmov, cx8, fxsr, mmx, sse, sse2, sse3, ssse3, sse4.1, sse4.2, popcnt, avx, avx2, aes, clmul, mmxext, 3dnowpref, lzcnt, sse4a, tsc, tscinvbit, tscinv, bmi1

Memory: 4k page, physical 7708924k(1147184k free), swap 14262524k(3282072k free)

vm_info: Java HotSpot(TM) 64-Bit Server VM (25.361-b09) for windows-amd64 JRE (1.8.0_361-b09), built on Jan  9 2023 08:38:53 by "java_re" with MS VC++ 15.9 (VS2017)

time: Fri Jun 23 16:14:44 2023
timezone: US Mountain Standard Time
elapsed time: 25.190375 seconds (0d 0h 0m 25s)

